<?xml version="1.0" encoding="UTF-8"?>
<testsuites name="jest tests" tests="3" failures="0" time="2.459">
  <testsuite name="&lt;Signup /&gt;" errors="0" failures="0" skipped="0" timestamp="2019-07-30T11:21:45" time="1.108" tests="1">
    <testcase classname="&lt;Signup /&gt; should render the Login component correctly" name="&lt;Signup /&gt; should render the Login component correctly" time="0.014">
    </testcase>
  </testsuite>
  <testsuite name="&lt;Login /&gt;" errors="0" failures="0" skipped="0" timestamp="2019-07-30T11:21:46" time="0.141" tests="1">
    <testcase classname="&lt;Login /&gt; should render the Login component correctly" name="&lt;Login /&gt; should render the Login component correctly" time="0.003">
    </testcase>
  </testsuite>
  <testsuite name="SAMPLE TEST" errors="0" failures="0" skipped="0" timestamp="2019-07-30T11:21:47" time="0.037" tests="1">
    <testcase classname="SAMPLE TEST should return a successful sample test " name="SAMPLE TEST should return a successful sample test " time="0.001">
    </testcase>
  </testsuite>
</testsuites>