<?xml version="1.0" encoding="UTF-8"?>
<testsuites name="jest tests" tests="2" failures="0" time="4.779">
  <testsuite name="&lt;Login /&gt;" errors="0" failures="0" skipped="0" timestamp="2019-07-16T14:28:47" time="1.106" tests="1">
    <testcase classname="&lt;Login /&gt; should render the Login component correctly" name="&lt;Login /&gt; should render the Login component correctly" time="0.01">
    </testcase>
  </testsuite>
  <testsuite name="SAMPLE TEST" errors="0" failures="0" skipped="0" timestamp="2019-07-16T14:28:49" time="0.049" tests="1">
    <testcase classname="SAMPLE TEST should return a successful sample test " name="SAMPLE TEST should return a successful sample test " time="0.001">
    </testcase>
  </testsuite>
</testsuites>