<?xml version="1.0" encoding="UTF-8"?>
<testsuites name="jest tests" tests="3" failures="0" time="5.663">
  <testsuite name="SAMPLE TEST" errors="0" failures="0" skipped="0" timestamp="2019-07-30T10:17:52" time="0.695" tests="1">
    <testcase classname="SAMPLE TEST should return a successful sample test " name="SAMPLE TEST should return a successful sample test " time="0.006">
    </testcase>
  </testsuite>
  <testsuite name="&lt;Signup /&gt;" errors="0" failures="0" skipped="0" timestamp="2019-07-30T10:17:52" time="1.361" tests="1">
    <testcase classname="&lt;Signup /&gt; should render the Login component correctly" name="&lt;Signup /&gt; should render the Login component correctly" time="0.011">
    </testcase>
  </testsuite>
  <testsuite name="&lt;Login /&gt;" errors="0" failures="0" skipped="0" timestamp="2019-07-30T10:17:52" time="1.39" tests="1">
    <testcase classname="&lt;Login /&gt; should render the Login component correctly" name="&lt;Login /&gt; should render the Login component correctly" time="0.012">
    </testcase>
  </testsuite>
</testsuites>