<?xml version="1.0" encoding="UTF-8"?>
<testsuites name="jest tests" tests="3" failures="0" time="5.62">
  <testsuite name="SAMPLE TEST" errors="0" failures="0" skipped="0" timestamp="2019-07-16T16:05:38" time="0.917" tests="1">
    <testcase classname="SAMPLE TEST should return a successful sample test " name="SAMPLE TEST should return a successful sample test " time="0.003">
    </testcase>
  </testsuite>
  <testsuite name="&lt;Login /&gt;" errors="0" failures="0" skipped="0" timestamp="2019-07-16T16:05:38" time="1.704" tests="1">
    <testcase classname="&lt;Login /&gt; should render the Login component correctly" name="&lt;Login /&gt; should render the Login component correctly" time="0.013">
    </testcase>
  </testsuite>
  <testsuite name="&lt;Signup /&gt;" errors="0" failures="0" skipped="0" timestamp="2019-07-16T16:05:38" time="1.858" tests="1">
    <testcase classname="&lt;Signup /&gt; should render the Login component correctly" name="&lt;Signup /&gt; should render the Login component correctly" time="0.011">
    </testcase>
  </testsuite>
</testsuites>